<?xml version="1.0" encoding="UTF-8"?>
<testsuite xmlns:xsi="http://www.w3.org/2001/XMLSchema-instance" xsi:noNamespaceSchemaLocation="https://maven.apache.org/surefire/maven-surefire-plugin/xsd/surefire-test-report-3.0.xsd" version="3.0" name="com.itheima.TliasWebManagementApplicationTests" time="4.406" tests="1" errors="0" skipped="0" failures="0">
  <properties>
    <property name="java.specification.version" value="17"/>
    <property name="sun.cpu.isalist" value="amd64"/>
    <property name="sun.jnu.encoding" value="GBK"/>
    <property name="java.class.path" value="D:\JavaEnv\JavaPro\Web-Ai\tlias-web-management\target\test-classes;D:\JavaEnv\JavaPro\Web-Ai\tlias-web-management\target\classes;D:\JavaEnv\apache-maven-3.9.4\MAVEN—local repository\org\springframework\boot\spring-boot-starter-web\3.3.11\spring-boot-starter-web-3.3.11.jar;D:\JavaEnv\apache-maven-3.9.4\MAVEN—local repository\org\springframework\boot\spring-boot-starter\3.3.11\spring-boot-starter-3.3.11.jar;D:\JavaEnv\apache-maven-3.9.4\MAVEN—local repository\org\springframework\boot\spring-boot\3.3.11\spring-boot-3.3.11.jar;D:\JavaEnv\apache-maven-3.9.4\MAVEN—local repository\org\springframework\boot\spring-boot-autoconfigure\3.3.11\spring-boot-autoconfigure-3.3.11.jar;D:\JavaEnv\apache-maven-3.9.4\MAVEN—local repository\org\springframework\boot\spring-boot-starter-logging\3.3.11\spring-boot-starter-logging-3.3.11.jar;D:\JavaEnv\apache-maven-3.9.4\MAVEN—local repository\ch\qos\logback\logback-classic\1.5.18\logback-classic-1.5.18.jar;D:\JavaEnv\apache-maven-3.9.4\MAVEN—local repository\ch\qos\logback\logback-core\1.5.18\logback-core-1.5.18.jar;D:\JavaEnv\apache-maven-3.9.4\MAVEN—local repository\org\apache\logging\log4j\log4j-to-slf4j\2.23.1\log4j-to-slf4j-2.23.1.jar;D:\JavaEnv\apache-maven-3.9.4\MAVEN—local repository\org\apache\logging\log4j\log4j-api\2.23.1\log4j-api-2.23.1.jar;D:\JavaEnv\apache-maven-3.9.4\MAVEN—local repository\org\slf4j\jul-to-slf4j\2.0.17\jul-to-slf4j-2.0.17.jar;D:\JavaEnv\apache-maven-3.9.4\MAVEN—local repository\jakarta\annotation\jakarta.annotation-api\2.1.1\jakarta.annotation-api-2.1.1.jar;D:\JavaEnv\apache-maven-3.9.4\MAVEN—local repository\org\yaml\snakeyaml\2.2\snakeyaml-2.2.jar;D:\JavaEnv\apache-maven-3.9.4\MAVEN—local repository\org\springframework\boot\spring-boot-starter-json\3.3.11\spring-boot-starter-json-3.3.11.jar;D:\JavaEnv\apache-maven-3.9.4\MAVEN—local repository\com\fasterxml\jackson\datatype\jackson-datatype-jdk8\2.17.3\jackson-datatype-jdk8-2.17.3.jar;D:\JavaEnv\apache-maven-3.9.4\MAVEN—local repository\com\fasterxml\jackson\datatype\jackson-datatype-jsr310\2.17.3\jackson-datatype-jsr310-2.17.3.jar;D:\JavaEnv\apache-maven-3.9.4\MAVEN—local repository\com\fasterxml\jackson\module\jackson-module-parameter-names\2.17.3\jackson-module-parameter-names-2.17.3.jar;D:\JavaEnv\apache-maven-3.9.4\MAVEN—local repository\org\springframework\boot\spring-boot-starter-tomcat\3.3.11\spring-boot-starter-tomcat-3.3.11.jar;D:\JavaEnv\apache-maven-3.9.4\MAVEN—local repository\org\apache\tomcat\embed\tomcat-embed-core\10.1.40\tomcat-embed-core-10.1.40.jar;D:\JavaEnv\apache-maven-3.9.4\MAVEN—local repository\org\apache\tomcat\embed\tomcat-embed-el\10.1.40\tomcat-embed-el-10.1.40.jar;D:\JavaEnv\apache-maven-3.9.4\MAVEN—local repository\org\apache\tomcat\embed\tomcat-embed-websocket\10.1.40\tomcat-embed-websocket-10.1.40.jar;D:\JavaEnv\apache-maven-3.9.4\MAVEN—local repository\org\springframework\spring-web\6.1.19\spring-web-6.1.19.jar;D:\JavaEnv\apache-maven-3.9.4\MAVEN—local repository\org\springframework\spring-beans\6.1.19\spring-beans-6.1.19.jar;D:\JavaEnv\apache-maven-3.9.4\MAVEN—local repository\org\springframework\spring-webmvc\6.1.19\spring-webmvc-6.1.19.jar;D:\JavaEnv\apache-maven-3.9.4\MAVEN—local repository\org\springframework\spring-context\6.1.19\spring-context-6.1.19.jar;D:\JavaEnv\apache-maven-3.9.4\MAVEN—local repository\org\springframework\spring-expression\6.1.19\spring-expression-6.1.19.jar;D:\JavaEnv\apache-maven-3.9.4\MAVEN—local repository\org\mybatis\spring\boot\mybatis-spring-boot-starter\3.0.4\mybatis-spring-boot-starter-3.0.4.jar;D:\JavaEnv\apache-maven-3.9.4\MAVEN—local repository\org\springframework\boot\spring-boot-starter-jdbc\3.3.11\spring-boot-starter-jdbc-3.3.11.jar;D:\JavaEnv\apache-maven-3.9.4\MAVEN—local repository\com\zaxxer\HikariCP\5.1.0\HikariCP-5.1.0.jar;D:\JavaEnv\apache-maven-3.9.4\MAVEN—local repository\org\springframework\spring-jdbc\6.1.19\spring-jdbc-6.1.19.jar;D:\JavaEnv\apache-maven-3.9.4\MAVEN—local repository\org\mybatis\spring\boot\mybatis-spring-boot-autoconfigure\3.0.4\mybatis-spring-boot-autoconfigure-3.0.4.jar;D:\JavaEnv\apache-maven-3.9.4\MAVEN—local repository\org\mybatis\mybatis\3.5.17\mybatis-3.5.17.jar;D:\JavaEnv\apache-maven-3.9.4\MAVEN—local repository\org\mybatis\mybatis-spring\3.0.4\mybatis-spring-3.0.4.jar;D:\JavaEnv\apache-maven-3.9.4\MAVEN—local repository\com\github\pagehelper\pagehelper-spring-boot-starter\1.4.7\pagehelper-spring-boot-starter-1.4.7.jar;D:\JavaEnv\apache-maven-3.9.4\MAVEN—local repository\com\github\pagehelper\pagehelper-spring-boot-autoconfigure\1.4.7\pagehelper-spring-boot-autoconfigure-1.4.7.jar;D:\JavaEnv\apache-maven-3.9.4\MAVEN—local repository\com\github\pagehelper\pagehelper\5.3.3\pagehelper-5.3.3.jar;D:\JavaEnv\apache-maven-3.9.4\MAVEN—local repository\com\github\jsqlparser\jsqlparser\4.5\jsqlparser-4.5.jar;D:\JavaEnv\apache-maven-3.9.4\MAVEN—local repository\com\aliyun\oss\aliyun-sdk-oss\3.17.4\aliyun-sdk-oss-3.17.4.jar;D:\JavaEnv\apache-maven-3.9.4\MAVEN—local repository\org\apache\httpcomponents\httpclient\4.5.13\httpclient-4.5.13.jar;D:\JavaEnv\apache-maven-3.9.4\MAVEN—local repository\org\apache\httpcomponents\httpcore\4.4.16\httpcore-4.4.16.jar;D:\JavaEnv\apache-maven-3.9.4\MAVEN—local repository\commons-logging\commons-logging\1.2\commons-logging-1.2.jar;D:\JavaEnv\apache-maven-3.9.4\MAVEN—local repository\commons-codec\commons-codec\1.16.1\commons-codec-1.16.1.jar;D:\JavaEnv\apache-maven-3.9.4\MAVEN—local repository\org\jdom\jdom2\2.0.6.1\jdom2-2.0.6.1.jar;D:\JavaEnv\apache-maven-3.9.4\MAVEN—local repository\org\codehaus\jettison\jettison\1.5.4\jettison-1.5.4.jar;D:\JavaEnv\apache-maven-3.9.4\MAVEN—local repository\com\aliyun\aliyun-java-sdk-core\4.5.10\aliyun-java-sdk-core-4.5.10.jar;D:\JavaEnv\apache-maven-3.9.4\MAVEN—local repository\com\google\code\gson\gson\2.10.1\gson-2.10.1.jar;D:\JavaEnv\apache-maven-3.9.4\MAVEN—local repository\org\jacoco\org.jacoco.agent\0.8.5\org.jacoco.agent-0.8.5-runtime.jar;D:\JavaEnv\apache-maven-3.9.4\MAVEN—local repository\org\ini4j\ini4j\0.5.4\ini4j-0.5.4.jar;D:\JavaEnv\apache-maven-3.9.4\MAVEN—local repository\org\slf4j\slf4j-api\2.0.17\slf4j-api-2.0.17.jar;D:\JavaEnv\apache-maven-3.9.4\MAVEN—local repository\io\opentracing\opentracing-api\0.33.0\opentracing-api-0.33.0.jar;D:\JavaEnv\apache-maven-3.9.4\MAVEN—local repository\io\opentracing\opentracing-util\0.33.0\opentracing-util-0.33.0.jar;D:\JavaEnv\apache-maven-3.9.4\MAVEN—local repository\io\opentracing\opentracing-noop\0.33.0\opentracing-noop-0.33.0.jar;D:\JavaEnv\apache-maven-3.9.4\MAVEN—local repository\com\aliyun\aliyun-java-sdk-ram\3.1.0\aliyun-java-sdk-ram-3.1.0.jar;D:\JavaEnv\apache-maven-3.9.4\MAVEN—local repository\com\aliyun\aliyun-java-sdk-kms\2.11.0\aliyun-java-sdk-kms-2.11.0.jar;D:\JavaEnv\apache-maven-3.9.4\MAVEN—local repository\javax\xml\bind\jaxb-api\2.3.1\jaxb-api-2.3.1.jar;D:\JavaEnv\apache-maven-3.9.4\MAVEN—local repository\javax\activation\javax.activation-api\1.2.0\javax.activation-api-1.2.0.jar;D:\JavaEnv\apache-maven-3.9.4\MAVEN—local repository\javax\activation\activation\1.1.1\activation-1.1.1.jar;D:\JavaEnv\apache-maven-3.9.4\MAVEN—local repository\org\glassfish\jaxb\jaxb-runtime\2.3.3\jaxb-runtime-2.3.3.jar;D:\JavaEnv\apache-maven-3.9.4\MAVEN—local repository\jakarta\xml\bind\jakarta.xml.bind-api\4.0.2\jakarta.xml.bind-api-4.0.2.jar;D:\JavaEnv\apache-maven-3.9.4\MAVEN—local repository\org\glassfish\jaxb\txw2\4.0.5\txw2-4.0.5.jar;D:\JavaEnv\apache-maven-3.9.4\MAVEN—local repository\com\sun\istack\istack-commons-runtime\4.1.2\istack-commons-runtime-4.1.2.jar;D:\JavaEnv\apache-maven-3.9.4\MAVEN—local repository\com\sun\activation\jakarta.activation\1.2.2\jakarta.activation-1.2.2.jar;D:\JavaEnv\apache-maven-3.9.4\MAVEN—local repository\com\mysql\mysql-connector-j\8.3.0\mysql-connector-j-8.3.0.jar;D:\JavaEnv\apache-maven-3.9.4\MAVEN—local repository\io\jsonwebtoken\jjwt\0.9.1\jjwt-0.9.1.jar;D:\JavaEnv\apache-maven-3.9.4\MAVEN—local repository\com\fasterxml\jackson\core\jackson-databind\2.17.3\jackson-databind-2.17.3.jar;D:\JavaEnv\apache-maven-3.9.4\MAVEN—local repository\com\fasterxml\jackson\core\jackson-annotations\2.17.3\jackson-annotations-2.17.3.jar;D:\JavaEnv\apache-maven-3.9.4\MAVEN—local repository\com\fasterxml\jackson\core\jackson-core\2.17.3\jackson-core-2.17.3.jar;D:\JavaEnv\apache-maven-3.9.4\MAVEN—local repository\org\springframework\boot\spring-boot-starter-aop\3.3.11\spring-boot-starter-aop-3.3.11.jar;D:\JavaEnv\apache-maven-3.9.4\MAVEN—local repository\org\springframework\spring-aop\6.1.19\spring-aop-6.1.19.jar;D:\JavaEnv\apache-maven-3.9.4\MAVEN—local repository\org\aspectj\aspectjweaver\1.9.24\aspectjweaver-1.9.24.jar;D:\JavaEnv\apache-maven-3.9.4\MAVEN—local repository\org\projectlombok\lombok\1.18.38\lombok-1.18.38.jar;D:\JavaEnv\apache-maven-3.9.4\MAVEN—local repository\org\springframework\boot\spring-boot-starter-test\3.3.11\spring-boot-starter-test-3.3.11.jar;D:\JavaEnv\apache-maven-3.9.4\MAVEN—local repository\org\springframework\boot\spring-boot-test\3.3.11\spring-boot-test-3.3.11.jar;D:\JavaEnv\apache-maven-3.9.4\MAVEN—local repository\org\springframework\boot\spring-boot-test-autoconfigure\3.3.11\spring-boot-test-autoconfigure-3.3.11.jar;D:\JavaEnv\apache-maven-3.9.4\MAVEN—local repository\com\jayway\jsonpath\json-path\2.9.0\json-path-2.9.0.jar;D:\JavaEnv\apache-maven-3.9.4\MAVEN—local repository\net\minidev\json-smart\2.5.2\json-smart-2.5.2.jar;D:\JavaEnv\apache-maven-3.9.4\MAVEN—local repository\net\minidev\accessors-smart\2.5.2\accessors-smart-2.5.2.jar;D:\JavaEnv\apache-maven-3.9.4\MAVEN—local repository\org\ow2\asm\asm\9.7.1\asm-9.7.1.jar;D:\JavaEnv\apache-maven-3.9.4\MAVEN—local repository\org\assertj\assertj-core\3.25.3\assertj-core-3.25.3.jar;D:\JavaEnv\apache-maven-3.9.4\MAVEN—local repository\net\bytebuddy\byte-buddy\1.14.19\byte-buddy-1.14.19.jar;D:\JavaEnv\apache-maven-3.9.4\MAVEN—local repository\org\awaitility\awaitility\4.2.2\awaitility-4.2.2.jar;D:\JavaEnv\apache-maven-3.9.4\MAVEN—local repository\org\hamcrest\hamcrest\2.2\hamcrest-2.2.jar;D:\JavaEnv\apache-maven-3.9.4\MAVEN—local repository\org\junit\jupiter\junit-jupiter\5.10.5\junit-jupiter-5.10.5.jar;D:\JavaEnv\apache-maven-3.9.4\MAVEN—local repository\org\junit\jupiter\junit-jupiter-api\5.10.5\junit-jupiter-api-5.10.5.jar;D:\JavaEnv\apache-maven-3.9.4\MAVEN—local repository\org\opentest4j\opentest4j\1.3.0\opentest4j-1.3.0.jar;D:\JavaEnv\apache-maven-3.9.4\MAVEN—local repository\org\junit\platform\junit-platform-commons\1.10.5\junit-platform-commons-1.10.5.jar;D:\JavaEnv\apache-maven-3.9.4\MAVEN—local repository\org\apiguardian\apiguardian-api\1.1.2\apiguardian-api-1.1.2.jar;D:\JavaEnv\apache-maven-3.9.4\MAVEN—local repository\org\junit\jupiter\junit-jupiter-params\5.10.5\junit-jupiter-params-5.10.5.jar;D:\JavaEnv\apache-maven-3.9.4\MAVEN—local repository\org\junit\jupiter\junit-jupiter-engine\5.10.5\junit-jupiter-engine-5.10.5.jar;D:\JavaEnv\apache-maven-3.9.4\MAVEN—local repository\org\junit\platform\junit-platform-engine\1.10.5\junit-platform-engine-1.10.5.jar;D:\JavaEnv\apache-maven-3.9.4\MAVEN—local repository\org\mockito\mockito-core\5.11.0\mockito-core-5.11.0.jar;D:\JavaEnv\apache-maven-3.9.4\MAVEN—local repository\net\bytebuddy\byte-buddy-agent\1.14.19\byte-buddy-agent-1.14.19.jar;D:\JavaEnv\apache-maven-3.9.4\MAVEN—local repository\org\objenesis\objenesis\3.3\objenesis-3.3.jar;D:\JavaEnv\apache-maven-3.9.4\MAVEN—local repository\org\mockito\mockito-junit-jupiter\5.11.0\mockito-junit-jupiter-5.11.0.jar;D:\JavaEnv\apache-maven-3.9.4\MAVEN—local repository\org\skyscreamer\jsonassert\1.5.3\jsonassert-1.5.3.jar;D:\JavaEnv\apache-maven-3.9.4\MAVEN—local repository\com\vaadin\external\google\android-json\0.0.20131108.vaadin1\android-json-0.0.20131108.vaadin1.jar;D:\JavaEnv\apache-maven-3.9.4\MAVEN—local repository\org\springframework\spring-core\6.1.19\spring-core-6.1.19.jar;D:\JavaEnv\apache-maven-3.9.4\MAVEN—local repository\org\springframework\spring-jcl\6.1.19\spring-jcl-6.1.19.jar;D:\JavaEnv\apache-maven-3.9.4\MAVEN—local repository\org\springframework\spring-test\6.1.19\spring-test-6.1.19.jar;D:\JavaEnv\apache-maven-3.9.4\MAVEN—local repository\org\xmlunit\xmlunit-core\2.9.1\xmlunit-core-2.9.1.jar;D:\JavaEnv\apache-maven-3.9.4\MAVEN—local repository\org\mybatis\spring\boot\mybatis-spring-boot-starter-test\3.0.4\mybatis-spring-boot-starter-test-3.0.4.jar;D:\JavaEnv\apache-maven-3.9.4\MAVEN—local repository\org\mybatis\spring\boot\mybatis-spring-boot-test-autoconfigure\3.0.4\mybatis-spring-boot-test-autoconfigure-3.0.4.jar;D:\JavaEnv\apache-maven-3.9.4\MAVEN—local repository\org\springframework\spring-tx\6.1.19\spring-tx-6.1.19.jar;D:\JavaEnv\apache-maven-3.9.4\MAVEN—local repository\junit\junit\4.13.2\junit-4.13.2.jar;D:\JavaEnv\apache-maven-3.9.4\MAVEN—local repository\org\hamcrest\hamcrest-core\2.2\hamcrest-core-2.2.jar;D:\JavaEnv\apache-maven-3.9.4\MAVEN—local repository\org\springframework\boot\spring-boot-starter-actuator\3.3.11\spring-boot-starter-actuator-3.3.11.jar;D:\JavaEnv\apache-maven-3.9.4\MAVEN—local repository\org\springframework\boot\spring-boot-actuator-autoconfigure\3.3.11\spring-boot-actuator-autoconfigure-3.3.11.jar;D:\JavaEnv\apache-maven-3.9.4\MAVEN—local repository\org\springframework\boot\spring-boot-actuator\3.3.11\spring-boot-actuator-3.3.11.jar;D:\JavaEnv\apache-maven-3.9.4\MAVEN—local repository\io\micrometer\micrometer-observation\1.13.13\micrometer-observation-1.13.13.jar;D:\JavaEnv\apache-maven-3.9.4\MAVEN—local repository\io\micrometer\micrometer-commons\1.13.13\micrometer-commons-1.13.13.jar;D:\JavaEnv\apache-maven-3.9.4\MAVEN—local repository\io\micrometer\micrometer-jakarta9\1.13.13\micrometer-jakarta9-1.13.13.jar;D:\JavaEnv\apache-maven-3.9.4\MAVEN—local repository\io\micrometer\micrometer-core\1.13.13\micrometer-core-1.13.13.jar;D:\JavaEnv\apache-maven-3.9.4\MAVEN—local repository\org\hdrhistogram\HdrHistogram\2.2.2\HdrHistogram-2.2.2.jar;D:\JavaEnv\apache-maven-3.9.4\MAVEN—local repository\org\latencyutils\LatencyUtils\2.0.3\LatencyUtils-2.0.3.jar;"/>
    <property name="java.vm.vendor" value="Oracle Corporation"/>
    <property name="sun.arch.data.model" value="64"/>
    <property name="user.variant" value=""/>
    <property name="java.vendor.url" value="https://java.oracle.com/"/>
    <property name="user.timezone" value="Asia/Shanghai"/>
    <property name="os.name" value="Windows 11"/>
    <property name="java.vm.specification.version" value="17"/>
    <property name="sun.java.launcher" value="SUN_STANDARD"/>
    <property name="user.country" value="CN"/>
    <property name="sun.boot.library.path" value="C:\Program Files\Java\jdk-17\bin"/>
    <property name="sun.java.command" value="C:\Users\Administrator\AppData\Local\Temp\surefire17688450138398983241\surefirebooter-20250512193116248_3.jar C:\Users\Administrator\AppData\Local\Temp\surefire17688450138398983241 2025-05-12T19-31-16_128-jvmRun1 surefire-20250512193116248_1tmp surefire_0-20250512193116248_2tmp"/>
    <property name="jdk.debug" value="release"/>
    <property name="surefire.test.class.path" value="D:\JavaEnv\JavaPro\Web-Ai\tlias-web-management\target\test-classes;D:\JavaEnv\JavaPro\Web-Ai\tlias-web-management\target\classes;D:\JavaEnv\apache-maven-3.9.4\MAVEN—local repository\org\springframework\boot\spring-boot-starter-web\3.3.11\spring-boot-starter-web-3.3.11.jar;D:\JavaEnv\apache-maven-3.9.4\MAVEN—local repository\org\springframework\boot\spring-boot-starter\3.3.11\spring-boot-starter-3.3.11.jar;D:\JavaEnv\apache-maven-3.9.4\MAVEN—local repository\org\springframework\boot\spring-boot\3.3.11\spring-boot-3.3.11.jar;D:\JavaEnv\apache-maven-3.9.4\MAVEN—local repository\org\springframework\boot\spring-boot-autoconfigure\3.3.11\spring-boot-autoconfigure-3.3.11.jar;D:\JavaEnv\apache-maven-3.9.4\MAVEN—local repository\org\springframework\boot\spring-boot-starter-logging\3.3.11\spring-boot-starter-logging-3.3.11.jar;D:\JavaEnv\apache-maven-3.9.4\MAVEN—local repository\ch\qos\logback\logback-classic\1.5.18\logback-classic-1.5.18.jar;D:\JavaEnv\apache-maven-3.9.4\MAVEN—local repository\ch\qos\logback\logback-core\1.5.18\logback-core-1.5.18.jar;D:\JavaEnv\apache-maven-3.9.4\MAVEN—local repository\org\apache\logging\log4j\log4j-to-slf4j\2.23.1\log4j-to-slf4j-2.23.1.jar;D:\JavaEnv\apache-maven-3.9.4\MAVEN—local repository\org\apache\logging\log4j\log4j-api\2.23.1\log4j-api-2.23.1.jar;D:\JavaEnv\apache-maven-3.9.4\MAVEN—local repository\org\slf4j\jul-to-slf4j\2.0.17\jul-to-slf4j-2.0.17.jar;D:\JavaEnv\apache-maven-3.9.4\MAVEN—local repository\jakarta\annotation\jakarta.annotation-api\2.1.1\jakarta.annotation-api-2.1.1.jar;D:\JavaEnv\apache-maven-3.9.4\MAVEN—local repository\org\yaml\snakeyaml\2.2\snakeyaml-2.2.jar;D:\JavaEnv\apache-maven-3.9.4\MAVEN—local repository\org\springframework\boot\spring-boot-starter-json\3.3.11\spring-boot-starter-json-3.3.11.jar;D:\JavaEnv\apache-maven-3.9.4\MAVEN—local repository\com\fasterxml\jackson\datatype\jackson-datatype-jdk8\2.17.3\jackson-datatype-jdk8-2.17.3.jar;D:\JavaEnv\apache-maven-3.9.4\MAVEN—local repository\com\fasterxml\jackson\datatype\jackson-datatype-jsr310\2.17.3\jackson-datatype-jsr310-2.17.3.jar;D:\JavaEnv\apache-maven-3.9.4\MAVEN—local repository\com\fasterxml\jackson\module\jackson-module-parameter-names\2.17.3\jackson-module-parameter-names-2.17.3.jar;D:\JavaEnv\apache-maven-3.9.4\MAVEN—local repository\org\springframework\boot\spring-boot-starter-tomcat\3.3.11\spring-boot-starter-tomcat-3.3.11.jar;D:\JavaEnv\apache-maven-3.9.4\MAVEN—local repository\org\apache\tomcat\embed\tomcat-embed-core\10.1.40\tomcat-embed-core-10.1.40.jar;D:\JavaEnv\apache-maven-3.9.4\MAVEN—local repository\org\apache\tomcat\embed\tomcat-embed-el\10.1.40\tomcat-embed-el-10.1.40.jar;D:\JavaEnv\apache-maven-3.9.4\MAVEN—local repository\org\apache\tomcat\embed\tomcat-embed-websocket\10.1.40\tomcat-embed-websocket-10.1.40.jar;D:\JavaEnv\apache-maven-3.9.4\MAVEN—local repository\org\springframework\spring-web\6.1.19\spring-web-6.1.19.jar;D:\JavaEnv\apache-maven-3.9.4\MAVEN—local repository\org\springframework\spring-beans\6.1.19\spring-beans-6.1.19.jar;D:\JavaEnv\apache-maven-3.9.4\MAVEN—local repository\org\springframework\spring-webmvc\6.1.19\spring-webmvc-6.1.19.jar;D:\JavaEnv\apache-maven-3.9.4\MAVEN—local repository\org\springframework\spring-context\6.1.19\spring-context-6.1.19.jar;D:\JavaEnv\apache-maven-3.9.4\MAVEN—local repository\org\springframework\spring-expression\6.1.19\spring-expression-6.1.19.jar;D:\JavaEnv\apache-maven-3.9.4\MAVEN—local repository\org\mybatis\spring\boot\mybatis-spring-boot-starter\3.0.4\mybatis-spring-boot-starter-3.0.4.jar;D:\JavaEnv\apache-maven-3.9.4\MAVEN—local repository\org\springframework\boot\spring-boot-starter-jdbc\3.3.11\spring-boot-starter-jdbc-3.3.11.jar;D:\JavaEnv\apache-maven-3.9.4\MAVEN—local repository\com\zaxxer\HikariCP\5.1.0\HikariCP-5.1.0.jar;D:\JavaEnv\apache-maven-3.9.4\MAVEN—local repository\org\springframework\spring-jdbc\6.1.19\spring-jdbc-6.1.19.jar;D:\JavaEnv\apache-maven-3.9.4\MAVEN—local repository\org\mybatis\spring\boot\mybatis-spring-boot-autoconfigure\3.0.4\mybatis-spring-boot-autoconfigure-3.0.4.jar;D:\JavaEnv\apache-maven-3.9.4\MAVEN—local repository\org\mybatis\mybatis\3.5.17\mybatis-3.5.17.jar;D:\JavaEnv\apache-maven-3.9.4\MAVEN—local repository\org\mybatis\mybatis-spring\3.0.4\mybatis-spring-3.0.4.jar;D:\JavaEnv\apache-maven-3.9.4\MAVEN—local repository\com\github\pagehelper\pagehelper-spring-boot-starter\1.4.7\pagehelper-spring-boot-starter-1.4.7.jar;D:\JavaEnv\apache-maven-3.9.4\MAVEN—local repository\com\github\pagehelper\pagehelper-spring-boot-autoconfigure\1.4.7\pagehelper-spring-boot-autoconfigure-1.4.7.jar;D:\JavaEnv\apache-maven-3.9.4\MAVEN—local repository\com\github\pagehelper\pagehelper\5.3.3\pagehelper-5.3.3.jar;D:\JavaEnv\apache-maven-3.9.4\MAVEN—local repository\com\github\jsqlparser\jsqlparser\4.5\jsqlparser-4.5.jar;D:\JavaEnv\apache-maven-3.9.4\MAVEN—local repository\com\aliyun\oss\aliyun-sdk-oss\3.17.4\aliyun-sdk-oss-3.17.4.jar;D:\JavaEnv\apache-maven-3.9.4\MAVEN—local repository\org\apache\httpcomponents\httpclient\4.5.13\httpclient-4.5.13.jar;D:\JavaEnv\apache-maven-3.9.4\MAVEN—local repository\org\apache\httpcomponents\httpcore\4.4.16\httpcore-4.4.16.jar;D:\JavaEnv\apache-maven-3.9.4\MAVEN—local repository\commons-logging\commons-logging\1.2\commons-logging-1.2.jar;D:\JavaEnv\apache-maven-3.9.4\MAVEN—local repository\commons-codec\commons-codec\1.16.1\commons-codec-1.16.1.jar;D:\JavaEnv\apache-maven-3.9.4\MAVEN—local repository\org\jdom\jdom2\2.0.6.1\jdom2-2.0.6.1.jar;D:\JavaEnv\apache-maven-3.9.4\MAVEN—local repository\org\codehaus\jettison\jettison\1.5.4\jettison-1.5.4.jar;D:\JavaEnv\apache-maven-3.9.4\MAVEN—local repository\com\aliyun\aliyun-java-sdk-core\4.5.10\aliyun-java-sdk-core-4.5.10.jar;D:\JavaEnv\apache-maven-3.9.4\MAVEN—local repository\com\google\code\gson\gson\2.10.1\gson-2.10.1.jar;D:\JavaEnv\apache-maven-3.9.4\MAVEN—local repository\org\jacoco\org.jacoco.agent\0.8.5\org.jacoco.agent-0.8.5-runtime.jar;D:\JavaEnv\apache-maven-3.9.4\MAVEN—local repository\org\ini4j\ini4j\0.5.4\ini4j-0.5.4.jar;D:\JavaEnv\apache-maven-3.9.4\MAVEN—local repository\org\slf4j\slf4j-api\2.0.17\slf4j-api-2.0.17.jar;D:\JavaEnv\apache-maven-3.9.4\MAVEN—local repository\io\opentracing\opentracing-api\0.33.0\opentracing-api-0.33.0.jar;D:\JavaEnv\apache-maven-3.9.4\MAVEN—local repository\io\opentracing\opentracing-util\0.33.0\opentracing-util-0.33.0.jar;D:\JavaEnv\apache-maven-3.9.4\MAVEN—local repository\io\opentracing\opentracing-noop\0.33.0\opentracing-noop-0.33.0.jar;D:\JavaEnv\apache-maven-3.9.4\MAVEN—local repository\com\aliyun\aliyun-java-sdk-ram\3.1.0\aliyun-java-sdk-ram-3.1.0.jar;D:\JavaEnv\apache-maven-3.9.4\MAVEN—local repository\com\aliyun\aliyun-java-sdk-kms\2.11.0\aliyun-java-sdk-kms-2.11.0.jar;D:\JavaEnv\apache-maven-3.9.4\MAVEN—local repository\javax\xml\bind\jaxb-api\2.3.1\jaxb-api-2.3.1.jar;D:\JavaEnv\apache-maven-3.9.4\MAVEN—local repository\javax\activation\javax.activation-api\1.2.0\javax.activation-api-1.2.0.jar;D:\JavaEnv\apache-maven-3.9.4\MAVEN—local repository\javax\activation\activation\1.1.1\activation-1.1.1.jar;D:\JavaEnv\apache-maven-3.9.4\MAVEN—local repository\org\glassfish\jaxb\jaxb-runtime\2.3.3\jaxb-runtime-2.3.3.jar;D:\JavaEnv\apache-maven-3.9.4\MAVEN—local repository\jakarta\xml\bind\jakarta.xml.bind-api\4.0.2\jakarta.xml.bind-api-4.0.2.jar;D:\JavaEnv\apache-maven-3.9.4\MAVEN—local repository\org\glassfish\jaxb\txw2\4.0.5\txw2-4.0.5.jar;D:\JavaEnv\apache-maven-3.9.4\MAVEN—local repository\com\sun\istack\istack-commons-runtime\4.1.2\istack-commons-runtime-4.1.2.jar;D:\JavaEnv\apache-maven-3.9.4\MAVEN—local repository\com\sun\activation\jakarta.activation\1.2.2\jakarta.activation-1.2.2.jar;D:\JavaEnv\apache-maven-3.9.4\MAVEN—local repository\com\mysql\mysql-connector-j\8.3.0\mysql-connector-j-8.3.0.jar;D:\JavaEnv\apache-maven-3.9.4\MAVEN—local repository\io\jsonwebtoken\jjwt\0.9.1\jjwt-0.9.1.jar;D:\JavaEnv\apache-maven-3.9.4\MAVEN—local repository\com\fasterxml\jackson\core\jackson-databind\2.17.3\jackson-databind-2.17.3.jar;D:\JavaEnv\apache-maven-3.9.4\MAVEN—local repository\com\fasterxml\jackson\core\jackson-annotations\2.17.3\jackson-annotations-2.17.3.jar;D:\JavaEnv\apache-maven-3.9.4\MAVEN—local repository\com\fasterxml\jackson\core\jackson-core\2.17.3\jackson-core-2.17.3.jar;D:\JavaEnv\apache-maven-3.9.4\MAVEN—local repository\org\springframework\boot\spring-boot-starter-aop\3.3.11\spring-boot-starter-aop-3.3.11.jar;D:\JavaEnv\apache-maven-3.9.4\MAVEN—local repository\org\springframework\spring-aop\6.1.19\spring-aop-6.1.19.jar;D:\JavaEnv\apache-maven-3.9.4\MAVEN—local repository\org\aspectj\aspectjweaver\1.9.24\aspectjweaver-1.9.24.jar;D:\JavaEnv\apache-maven-3.9.4\MAVEN—local repository\org\projectlombok\lombok\1.18.38\lombok-1.18.38.jar;D:\JavaEnv\apache-maven-3.9.4\MAVEN—local repository\org\springframework\boot\spring-boot-starter-test\3.3.11\spring-boot-starter-test-3.3.11.jar;D:\JavaEnv\apache-maven-3.9.4\MAVEN—local repository\org\springframework\boot\spring-boot-test\3.3.11\spring-boot-test-3.3.11.jar;D:\JavaEnv\apache-maven-3.9.4\MAVEN—local repository\org\springframework\boot\spring-boot-test-autoconfigure\3.3.11\spring-boot-test-autoconfigure-3.3.11.jar;D:\JavaEnv\apache-maven-3.9.4\MAVEN—local repository\com\jayway\jsonpath\json-path\2.9.0\json-path-2.9.0.jar;D:\JavaEnv\apache-maven-3.9.4\MAVEN—local repository\net\minidev\json-smart\2.5.2\json-smart-2.5.2.jar;D:\JavaEnv\apache-maven-3.9.4\MAVEN—local repository\net\minidev\accessors-smart\2.5.2\accessors-smart-2.5.2.jar;D:\JavaEnv\apache-maven-3.9.4\MAVEN—local repository\org\ow2\asm\asm\9.7.1\asm-9.7.1.jar;D:\JavaEnv\apache-maven-3.9.4\MAVEN—local repository\org\assertj\assertj-core\3.25.3\assertj-core-3.25.3.jar;D:\JavaEnv\apache-maven-3.9.4\MAVEN—local repository\net\bytebuddy\byte-buddy\1.14.19\byte-buddy-1.14.19.jar;D:\JavaEnv\apache-maven-3.9.4\MAVEN—local repository\org\awaitility\awaitility\4.2.2\awaitility-4.2.2.jar;D:\JavaEnv\apache-maven-3.9.4\MAVEN—local repository\org\hamcrest\hamcrest\2.2\hamcrest-2.2.jar;D:\JavaEnv\apache-maven-3.9.4\MAVEN—local repository\org\junit\jupiter\junit-jupiter\5.10.5\junit-jupiter-5.10.5.jar;D:\JavaEnv\apache-maven-3.9.4\MAVEN—local repository\org\junit\jupiter\junit-jupiter-api\5.10.5\junit-jupiter-api-5.10.5.jar;D:\JavaEnv\apache-maven-3.9.4\MAVEN—local repository\org\opentest4j\opentest4j\1.3.0\opentest4j-1.3.0.jar;D:\JavaEnv\apache-maven-3.9.4\MAVEN—local repository\org\junit\platform\junit-platform-commons\1.10.5\junit-platform-commons-1.10.5.jar;D:\JavaEnv\apache-maven-3.9.4\MAVEN—local repository\org\apiguardian\apiguardian-api\1.1.2\apiguardian-api-1.1.2.jar;D:\JavaEnv\apache-maven-3.9.4\MAVEN—local repository\org\junit\jupiter\junit-jupiter-params\5.10.5\junit-jupiter-params-5.10.5.jar;D:\JavaEnv\apache-maven-3.9.4\MAVEN—local repository\org\junit\jupiter\junit-jupiter-engine\5.10.5\junit-jupiter-engine-5.10.5.jar;D:\JavaEnv\apache-maven-3.9.4\MAVEN—local repository\org\junit\platform\junit-platform-engine\1.10.5\junit-platform-engine-1.10.5.jar;D:\JavaEnv\apache-maven-3.9.4\MAVEN—local repository\org\mockito\mockito-core\5.11.0\mockito-core-5.11.0.jar;D:\JavaEnv\apache-maven-3.9.4\MAVEN—local repository\net\bytebuddy\byte-buddy-agent\1.14.19\byte-buddy-agent-1.14.19.jar;D:\JavaEnv\apache-maven-3.9.4\MAVEN—local repository\org\objenesis\objenesis\3.3\objenesis-3.3.jar;D:\JavaEnv\apache-maven-3.9.4\MAVEN—local repository\org\mockito\mockito-junit-jupiter\5.11.0\mockito-junit-jupiter-5.11.0.jar;D:\JavaEnv\apache-maven-3.9.4\MAVEN—local repository\org\skyscreamer\jsonassert\1.5.3\jsonassert-1.5.3.jar;D:\JavaEnv\apache-maven-3.9.4\MAVEN—local repository\com\vaadin\external\google\android-json\0.0.20131108.vaadin1\android-json-0.0.20131108.vaadin1.jar;D:\JavaEnv\apache-maven-3.9.4\MAVEN—local repository\org\springframework\spring-core\6.1.19\spring-core-6.1.19.jar;D:\JavaEnv\apache-maven-3.9.4\MAVEN—local repository\org\springframework\spring-jcl\6.1.19\spring-jcl-6.1.19.jar;D:\JavaEnv\apache-maven-3.9.4\MAVEN—local repository\org\springframework\spring-test\6.1.19\spring-test-6.1.19.jar;D:\JavaEnv\apache-maven-3.9.4\MAVEN—local repository\org\xmlunit\xmlunit-core\2.9.1\xmlunit-core-2.9.1.jar;D:\JavaEnv\apache-maven-3.9.4\MAVEN—local repository\org\mybatis\spring\boot\mybatis-spring-boot-starter-test\3.0.4\mybatis-spring-boot-starter-test-3.0.4.jar;D:\JavaEnv\apache-maven-3.9.4\MAVEN—local repository\org\mybatis\spring\boot\mybatis-spring-boot-test-autoconfigure\3.0.4\mybatis-spring-boot-test-autoconfigure-3.0.4.jar;D:\JavaEnv\apache-maven-3.9.4\MAVEN—local repository\org\springframework\spring-tx\6.1.19\spring-tx-6.1.19.jar;D:\JavaEnv\apache-maven-3.9.4\MAVEN—local repository\junit\junit\4.13.2\junit-4.13.2.jar;D:\JavaEnv\apache-maven-3.9.4\MAVEN—local repository\org\hamcrest\hamcrest-core\2.2\hamcrest-core-2.2.jar;D:\JavaEnv\apache-maven-3.9.4\MAVEN—local repository\org\springframework\boot\spring-boot-starter-actuator\3.3.11\spring-boot-starter-actuator-3.3.11.jar;D:\JavaEnv\apache-maven-3.9.4\MAVEN—local repository\org\springframework\boot\spring-boot-actuator-autoconfigure\3.3.11\spring-boot-actuator-autoconfigure-3.3.11.jar;D:\JavaEnv\apache-maven-3.9.4\MAVEN—local repository\org\springframework\boot\spring-boot-actuator\3.3.11\spring-boot-actuator-3.3.11.jar;D:\JavaEnv\apache-maven-3.9.4\MAVEN—local repository\io\micrometer\micrometer-observation\1.13.13\micrometer-observation-1.13.13.jar;D:\JavaEnv\apache-maven-3.9.4\MAVEN—local repository\io\micrometer\micrometer-commons\1.13.13\micrometer-commons-1.13.13.jar;D:\JavaEnv\apache-maven-3.9.4\MAVEN—local repository\io\micrometer\micrometer-jakarta9\1.13.13\micrometer-jakarta9-1.13.13.jar;D:\JavaEnv\apache-maven-3.9.4\MAVEN—local repository\io\micrometer\micrometer-core\1.13.13\micrometer-core-1.13.13.jar;D:\JavaEnv\apache-maven-3.9.4\MAVEN—local repository\org\hdrhistogram\HdrHistogram\2.2.2\HdrHistogram-2.2.2.jar;D:\JavaEnv\apache-maven-3.9.4\MAVEN—local repository\org\latencyutils\LatencyUtils\2.0.3\LatencyUtils-2.0.3.jar;"/>
    <property name="sun.cpu.endian" value="little"/>
    <property name="user.home" value="C:\Users\Administrator"/>
    <property name="user.language" value="zh"/>
    <property name="java.specification.vendor" value="Oracle Corporation"/>
    <property name="java.version.date" value="2024-07-16"/>
    <property name="java.home" value="C:\Program Files\Java\jdk-17"/>
    <property name="file.separator" value="\"/>
    <property name="basedir" value="D:\JavaEnv\JavaPro\Web-Ai\tlias-web-management"/>
    <property name="java.vm.compressedOopsMode" value="Zero based"/>
    <property name="line.separator" value="&#10;"/>
    <property name="java.vm.specification.vendor" value="Oracle Corporation"/>
    <property name="java.specification.name" value="Java Platform API Specification"/>
    <property name="FILE_LOG_CHARSET" value="GBK"/>
    <property name="java.awt.headless" value="true"/>
    <property name="surefire.real.class.path" value="C:\Users\Administrator\AppData\Local\Temp\surefire17688450138398983241\surefirebooter-20250512193116248_3.jar"/>
    <property name="user.script" value=""/>
    <property name="sun.management.compiler" value="HotSpot 64-Bit Tiered Compilers"/>
    <property name="java.runtime.version" value="17.0.12+8-LTS-286"/>
    <property name="user.name" value="Administrator"/>
    <property name="path.separator" value=";"/>
    <property name="os.version" value="10.0"/>
    <property name="java.runtime.name" value="Java(TM) SE Runtime Environment"/>
    <property name="file.encoding" value="GBK"/>
    <property name="java.vm.name" value="Java HotSpot(TM) 64-Bit Server VM"/>
    <property name="localRepository" value="D:\JavaEnv\apache-maven-3.9.4\MAVEN—local repository"/>
    <property name="java.vendor.url.bug" value="https://bugreport.java.com/bugreport/"/>
    <property name="java.io.tmpdir" value="C:\Users\Administrator\AppData\Local\Temp\"/>
    <property name="idea.version" value="2025.1.1"/>
    <property name="java.version" value="17.0.12"/>
    <property name="user.dir" value="D:\JavaEnv\JavaPro\Web-Ai\tlias-web-management"/>
    <property name="os.arch" value="amd64"/>
    <property name="java.vm.specification.name" value="Java Virtual Machine Specification"/>
    <property name="PID" value="13268"/>
    <property name="sun.os.patch.level" value=""/>
    <property name="CONSOLE_LOG_CHARSET" value="GBK"/>
    <property name="native.encoding" value="GBK"/>
    <property name="java.library.path" value="C:\Program Files\Java\jdk-17\bin;C:\Windows\Sun\Java\bin;C:\Windows\system32;C:\Windows;E:\Program Files\VMware\bin\;C:\Program Files\Common Files\Oracle\Java\javapath;C:\Program Files (x86)\Common Files\Oracle\Java\java8path;C:\Program Files (x86)\Common Files\Oracle\Java\javapath;C:\Windows\system32;C:\Windows;C:\Windows\System32\Wbem;C:\Windows\System32\WindowsPowerShell\v1.0\;C:\Windows\System32\OpenSSH\;C:\Program Files\Bandizip\;C:\Program Files\Git\cmd;C:\Program Files\MySQL\MySQL Server 8.0\bin;C:\Program Files\nodejs\;D:\JavaEnv\微信web开发者工具\dll;C:\Program Files\Java\jdk-1.8\bin;C:\Program Files\Java\jdk-1.8\jre\bin;D:\JavaEnv\apache-maven-3.9.4\bin;C:\Users\Administrator\AppData\Local\Programs\Python\Python311\Scripts\;C:\Users\Administrator\AppData\Local\Programs\Python\Python311\;C:\Users\Administrator\AppData\Local\Microsoft\WindowsApps;D:\Program Files\Microsoft VS Code\bin;D:\Program Files\JetBrain\IntelliJ IDEA 2025.1.1\bin;;C:\Program Files\JetBrains\PyCharm 2025.1.1\bin;;D:\Program Files\JetBrain\DataGrip 2025.1.2\bin;;C:\Users\Administrator\AppData\Roaming\npm;D:\JavaEnv\cursor\resources\app\bin;."/>
    <property name="java.vm.info" value="mixed mode, sharing"/>
    <property name="java.vendor" value="Oracle Corporation"/>
    <property name="java.vm.version" value="17.0.12+8-LTS-286"/>
    <property name="sun.io.unicode.encoding" value="UnicodeLittle"/>
    <property name="maven.repo.local" value="D:\JavaEnv\apache-maven-3.9.4\MAVEN—local repository"/>
    <property name="java.class.version" value="61.0"/>
  </properties>
  <testcase name="contextLoads" classname="com.itheima.TliasWebManagementApplicationTests" time="0.792">
    <system-out><![CDATA[Standard Commons Logging discovery in action with spring-jcl: please remove commons-logging.jar from classpath in order to avoid potential conflicts
2025-05-12 19:31:17.737 [main] INFO  o.s.t.c.support.AnnotationConfigContextLoaderUtils-Could not detect default configuration classes for test class [com.itheima.TliasWebManagementApplicationTests]: TliasWebManagementApplicationTests does not declare any static, non-private, non-final, nested classes annotated with @Configuration.
2025-05-12 19:31:17.872 [main] INFO  o.s.b.t.context.SpringBootTestContextBootstrapper-Found @SpringBootConfiguration com.itheima.TliasWebManagementApplication for test class com.itheima.TliasWebManagementApplicationTests

  .   ____          _            __ _ _
 /\\ / ___'_ __ _ _(_)_ __  __ _ \ \ \ \
( ( )\___ | '_ | '_| | '_ \/ _` | \ \ \ \
 \\/  ___)| |_)| | | | | || (_| |  ) ) ) )
  '  |____| .__|_| |_|_| |_\__, | / / / /
 =========|_|==============|___/=/_/_/_/

 :: Spring Boot ::               (v3.3.11)

2025-05-12 19:31:18.246 [main] INFO  com.itheima.TliasWebManagementApplicationTests-Starting TliasWebManagementApplicationTests using Java 17.0.12 with PID 13268 (started by Administrator in D:\JavaEnv\JavaPro\Web-Ai\tlias-web-management)
2025-05-12 19:31:18.247 [main] INFO  com.itheima.TliasWebManagementApplicationTests-No active profile set, falling back to 1 default profile: "default"
Logging initialized using 'class org.apache.ibatis.logging.stdout.StdOutImpl' adapter.


,------.                           ,--.  ,--.         ,--.                         
|  .--. '  ,--,--.  ,---.   ,---.  |  '--'  |  ,---.  |  |  ,---.   ,---.  ,--.--. 
|  '--' | ' ,-.  | | .-. | | .-. : |  .--.  | | .-. : |  | | .-. | | .-. : |  .--' 
|  | --'  \ '-'  | ' '-' ' \   --. |  |  |  | \   --. |  | | '-' ' \   --. |  |    
`--'       `--`--' .`-  /   `----' `--'  `--'  `----' `--' |  |-'   `----' `--'    
                   `---'                                   `--'                        is intercepting.

2025-05-12 19:31:20.921 [main] INFO  o.s.b.actuate.endpoint.web.EndpointLinksResolver-Exposing 1 endpoint beneath base path '/actuator'
2025-05-12 19:31:20.976 [main] INFO  com.itheima.TliasWebManagementApplicationTests-Started TliasWebManagementApplicationTests in 2.94 seconds (process running for 4.641)
]]></system-out>
  </testcase>
</testsuite>